2013-06-13 14:03:47.760+0000 INFO  [org.neo4j]: WARNING! You are using an unsupported version of the Java runtime. Please use Oracle(R) Java(TM) Runtime Environment 7.
2013-06-13 14:03:47.835+0000 INFO  [org.neo4j]: --- INITIALIZED diagnostics START ---
2013-06-13 14:03:47.836+0000 INFO  [org.neo4j]: Neo4j Kernel properties:
    neostore.propertystore.db.mapped_memory=839M
    neostore.nodestore.db.mapped_memory=233M
    neostore.relationshipstore.db.mapped_memory=1028M
    neostore.propertystore.db.strings.mapped_memory=713M
    store_dir=../neo4j-normalized-db
    neostore.propertystore.db.arrays.mapped_memory=809M
    ephemeral=false
2013-06-13 14:03:47.839+0000 INFO  [org.neo4j]: Diagnostics providers:
    org.neo4j.kernel.configuration.Config
    org.neo4j.kernel.info.DiagnosticsManager
    SYSTEM_MEMORY
    JAVA_MEMORY
    OPERATING_SYSTEM
    JAVA_VIRTUAL_MACHINE
    CLASSPATH
    LIBRARY_PATH
    SYSTEM_PROPERTIES
    NETWORK
2013-06-13 14:03:47.840+0000 INFO  [org.neo4j]: System memory information:
    Total Physical memory: 8.00 GB
    Free Physical memory: 3.40 GB
    Committed virtual memory: 2.72 GB
    Total swap space: 2.00 GB
    Free swap space: 1.11 GB
2013-06-13 14:03:47.847+0000 INFO  [org.neo4j]: JVM memory information:
    Free  memory: 70.79 MB
    Total memory: 81.06 MB
    Max   memory: 123.94 MB
    Garbage Collector: ParNew: [Par Eden Space, Par Survivor Space]
    Garbage Collector: ConcurrentMarkSweep: [Par Eden Space, Par Survivor Space, CMS Old Gen, CMS Perm Gen]
    Memory Pool: Code Cache (Non-heap memory): committed=2.44 MB, used=479.94 kB, max=48.00 MB, threshold=0.00 B
    Memory Pool: Par Eden Space (Heap memory): committed=16.63 MB, used=10.28 MB, max=16.63 MB, threshold=?
    Memory Pool: Par Survivor Space (Heap memory): committed=2.06 MB, used=0.00 B, max=2.06 MB, threshold=?
    Memory Pool: CMS Old Gen (Heap memory): committed=62.38 MB, used=0.00 B, max=105.25 MB, threshold=0.00 B
    Memory Pool: CMS Perm Gen (Non-heap memory): committed=20.75 MB, used=7.87 MB, max=82.00 MB, threshold=0.00 B
2013-06-13 14:03:47.853+0000 INFO  [org.neo4j]: Operating system information:
    Operating System: Mac OS X; version: 10.8.4; arch: x86_64; cpus: 4
    Max number of file descriptors: 10240
    Number of open file descriptors: 42
    Process id: 4250@Claras-MacBook-Air.local
    Byte order: LITTLE_ENDIAN
    Local timezone: Europe/Madrid
2013-06-13 14:03:47.862+0000 INFO  [org.neo4j]: JVM information:
    VM Name: Java HotSpot(TM) 64-Bit Server VM
    VM Vendor: Apple Inc.
    VM Version: 20.45-b01-451
    JIT compiler: HotSpot 64-Bit Tiered Compilers
    VM Arguments: [-Dfile.encoding=MacRoman]
2013-06-13 14:03:47.863+0000 INFO  [org.neo4j]: Java classpath:
     [bootstrap] /System/Library/Java/JavaVirtualMachines/1.6.0.jdk/Contents/Classes/charsets.jar
     [bootstrap] /System/Library/Java/JavaVirtualMachines/1.6.0.jdk/Contents/Classes/sunrsasign.jar
     [loader.1] file:/System/Library/Java/Extensions/dns_sd.jar
     [bootstrap] /System/Library/Frameworks/JavaVM.framework/Versions/A/Frameworks/JavaRuntimeSupport.framework/Versions/A/Resources/Java/JavaRuntimeSupport.jar
     [loader.1] file:/System/Library/Java/Extensions/j3dutils.jar
     [loader.1] file:/System/Library/Java/Extensions/MRJToolkit.jar
     [loader.1] file:/System/Library/Java/Extensions/jai_core.jar
     [classpath + loader.0] file:/Users/clara/Projects/CBDE/Neo4j-Normalized/lib/neo4j-graph-algo-1.9.jar
     [loader.1] file:/System/Library/Java/Extensions/vecmath.jar
     [loader.1] file:/System/Library/Java/Extensions/libmlib_jai.jnilib
     [loader.1] file:/System/Library/Java/Extensions/jai_codec.jar
     [classpath + loader.0] file:/Users/clara/Projects/CBDE/Neo4j-Normalized/lib/concurrentlinkedhashmap-lru-1.3.1.jar
     [classpath + loader.0] file:/Users/clara/Projects/CBDE/Neo4j-Normalized/lib/neo4j-graph-matching-1.9.jar
     [loader.1] file:/System/Library/Java/JavaVirtualMachines/1.6.0.jdk/Contents/Home/lib/ext/dnsns.jar
     [loader.1] file:/System/Library/Java/JavaVirtualMachines/1.6.0.jdk/Contents/Home/lib/ext/sunjce_provider.jar
     [classpath + loader.0] file:/Users/clara/Projects/CBDE/Neo4j-Normalized/lib/neo4j-cypher-1.9.jar
     [classpath + loader.0] file:/Users/clara/Projects/CBDE/Neo4j-Normalized/lib/neo4j-udc-1.9.jar
     [bootstrap] /System/Library/Java/JavaVirtualMachines/1.6.0.jdk/Contents/Classes/laf.jar
     [classpath + loader.0] file:/Users/clara/Projects/CBDE/Neo4j-Normalized/lib/scala-library-2.10.0.jar
     [loader.1] file:/System/Library/Java/Extensions/libJ3D.jnilib
     [classpath + loader.0] file:/Users/clara/Projects/CBDE/Neo4j-Normalized/lib/neo4j-kernel-1.9.jar
     [loader.1] file:/System/Library/Java/Extensions/mlibwrapper_jai.jar
     [classpath + loader.0] file:/Users/clara/Projects/CBDE/Neo4j-Normalized/lib/neo4j-shell-1.9.jar
     [bootstrap] /System/Library/Java/JavaVirtualMachines/1.6.0.jdk/Contents/Classes/classes.jar
     [loader.1] file:/System/Library/Java/JavaVirtualMachines/1.6.0.jdk/Contents/Home/lib/ext/localedata.jar
     [classpath + loader.0] file:/Users/clara/Projects/CBDE/Neo4j-Normalized/lib/lucene-core-3.6.2.jar
     [classpath + loader.0] file:/Users/clara/Projects/CBDE/Neo4j-Normalized/lib/neo4j-jmx-1.9.jar
     [loader.1] file:/System/Library/Java/Extensions/QTJava.zip
     [bootstrap] /System/Library/Java/JavaVirtualMachines/1.6.0.jdk/Contents/Home/lib/jce.jar
     [bootstrap] /System/Library/Java/JavaVirtualMachines/1.6.0.jdk/Contents/Classes/jsse.jar
     [classpath + loader.0] file:/Users/clara/Projects/CBDE/Neo4j-Normalized/lib/neo4j-lucene-index-1.9.jar
     [classpath + loader.0] file:/Users/clara/Projects/CBDE/Neo4j-Normalized/bin/
     [classpath + loader.0] file:/Users/clara/Projects/CBDE/Neo4j-Normalized/lib/geronimo-jta_1.1_spec-1.1.1.jar
     [loader.1] file:/System/Library/Java/Extensions/libJ3DAudio.jnilib
     [loader.1] file:/System/Library/Java/Extensions/libAppleScriptEngine.jnilib
     [bootstrap] /System/Library/Java/JavaVirtualMachines/1.6.0.jdk/Contents/Classes/ui.jar
     [loader.1] file:/System/Library/Java/Extensions/j3daudio.jar
     [loader.1] file:/System/Library/Java/Extensions/AppleScriptEngine.jar
     [loader.1] file:/System/Library/Java/Extensions/libJ3DUtils.jnilib
     [loader.1] file:/System/Library/Java/JavaVirtualMachines/1.6.0.jdk/Contents/Home/lib/ext/apple_provider.jar
     [bootstrap] /System/Library/Java/JavaVirtualMachines/1.6.0.jdk/Contents/Classes/jsfd.jar
     [classpath + loader.0] file:/Users/clara/Projects/CBDE/Neo4j-Normalized/lib/org.apache.servicemix.bundles.jline-0.9.94_1.jar
     [loader.1] file:/System/Library/Java/Extensions/libQTJNative.jnilib
     [loader.1] file:/System/Library/Java/Extensions/j3dcore.jar
     [loader.1] file:/System/Library/Java/JavaVirtualMachines/1.6.0.jdk/Contents/Home/lib/ext/sunpkcs11.jar
     [classpath + loader.0] file:/Users/clara/Projects/CBDE/Neo4j-Normalized/lib/server-api-1.9.jar
2013-06-13 14:03:47.866+0000 INFO  [org.neo4j]: Library path:
    /Users/clara/Projects/CBDE/Neo4j-Normalized
    /Library/Java/Extensions
    /System/Library/Java/Extensions
    /usr/lib/java
2013-06-13 14:03:47.867+0000 INFO  [org.neo4j]: System.properties:
    sun.boot.library.path = /System/Library/Java/JavaVirtualMachines/1.6.0.jdk/Contents/Libraries
    awt.nativeDoubleBuffering = true
    gopherProxySet = false
    mrj.build = 11M4406
    path.separator = :
    file.encoding.pkg = sun.io
    sun.java.launcher = SUN_STANDARD
    user.country = US
    sun.os.patch.level = unknown
    user.dir = /Users/clara/Projects/CBDE/Neo4j-Normalized
    sun.jnu.encoding = MacRoman
    sun.management.compiler = HotSpot 64-Bit Tiered Compilers
    http.nonProxyHosts = local|*.local|169.254/16|*.169.254/16
    user.home = /Users/clara
    user.timezone = Europe/Madrid
    file.encoding = MacRoman
    user.name = clara
    sun.java.command = Neo4jNormalized
    sun.arch.data.model = 64
    user.language = en
    awt.toolkit = apple.awt.CToolkit
    file.separator = /
    sun.io.unicode.encoding = UnicodeLittle
    sun.cpu.endian = little
    mrj.version = 1070.1.6.0_45-451
    socksNonProxyHosts = local|*.local|169.254/16|*.169.254/16
    ftp.nonProxyHosts = local|*.local|169.254/16|*.169.254/16
    sun.cpu.isalist = 
2013-06-13 14:03:47.868+0000 INFO  [org.neo4j]: Network information:
    Interface en0:
        address: fe80:0:0:0:1610:9fff:fee9:d898%4
        address: 192.168.1.7
    Interface lo0:
        address: 0:0:0:0:0:0:0:1
        address: fe80:0:0:0:0:0:0:1%1
        address: 127.0.0.1
2013-06-13 14:03:47.870+0000 INFO  [org.neo4j]: --- INITIALIZED diagnostics END ---
2013-06-13 14:03:47.998+0000 INFO  [org.neo4j]: Creating new db @ ../neo4j-normalized-db/neostore
2013-06-13 14:03:48.126+0000 INFO  [org.neo4j]: [../neo4j-normalized-db/neostore.nodestore.db] brickCount=0 brickSize=2443176b mappedMem=244318208b (storeSize=0b)
2013-06-13 14:03:48.130+0000 INFO  [org.neo4j]: ../neo4j-normalized-db/neostore.nodestore.db hit=1 miss=0 switches=0 ooe=0
2013-06-13 14:03:48.147+0000 INFO  [org.neo4j]: [../neo4j-normalized-db/neostore.relationshiptypestore.db.names] brickCount=0 brickSize=0b mappedMem=0b (storeSize=38b)
2013-06-13 14:03:48.152+0000 INFO  [org.neo4j]: [../neo4j-normalized-db/neostore.relationshiptypestore.db] brickCount=0 brickSize=0b mappedMem=0b (storeSize=0b)
2013-06-13 14:03:48.152+0000 INFO  [org.neo4j]: ../neo4j-normalized-db/neostore.relationshiptypestore.db.names hit=0 miss=0 switches=0 ooe=0
2013-06-13 14:03:48.153+0000 INFO  [org.neo4j]: ../neo4j-normalized-db/neostore.relationshiptypestore.db hit=0 miss=0 switches=0 ooe=0
2013-06-13 14:03:48.154+0000 INFO  [org.neo4j]: [../neo4j-normalized-db/neostore.relationshiptypestore.db.names] brickCount=0 brickSize=0b mappedMem=0b (storeSize=38b)
2013-06-13 14:03:48.155+0000 INFO  [org.neo4j]: [../neo4j-normalized-db/neostore.relationshiptypestore.db] brickCount=0 brickSize=0b mappedMem=0b (storeSize=0b)
2013-06-13 14:03:48.156+0000 INFO  [org.neo4j]: [../neo4j-normalized-db/neostore.propertystore.db.strings] brickCount=0 brickSize=747520b mappedMem=747634688b (storeSize=128b)
2013-06-13 14:03:48.156+0000 INFO  [org.neo4j]: [../neo4j-normalized-db/neostore.propertystore.db.index.keys] brickCount=0 brickSize=0b mappedMem=0b (storeSize=38b)
2013-06-13 14:03:48.158+0000 INFO  [org.neo4j]: [../neo4j-normalized-db/neostore.propertystore.db.index] brickCount=0 brickSize=0b mappedMem=0b (storeSize=0b)
2013-06-13 14:03:48.160+0000 INFO  [org.neo4j]: [../neo4j-normalized-db/neostore.propertystore.db.arrays] brickCount=0 brickSize=848256b mappedMem=848297984b (storeSize=128b)
2013-06-13 14:03:48.164+0000 INFO  [org.neo4j]: [../neo4j-normalized-db/neostore.propertystore.db] brickCount=0 brickSize=8797534b mappedMem=879755264b (storeSize=0b)
2013-06-13 14:03:48.166+0000 INFO  [org.neo4j]: [../neo4j-normalized-db/neostore.relationshipstore.db] brickCount=0 brickSize=10779351b mappedMem=1077936128b (storeSize=0b)
2013-06-13 14:03:48.166+0000 INFO  [org.neo4j]: [../neo4j-normalized-db/neostore.nodestore.db] brickCount=0 brickSize=244314b mappedMem=244318208b (storeSize=9b)
2013-06-13 14:03:48.167+0000 INFO  [org.neo4j]: [../neo4j-normalized-db/neostore] brickCount=0 brickSize=0b mappedMem=0b (storeSize=0b)
2013-06-13 14:03:48.171+0000 INFO  [org.neo4j]: ../neo4j-normalized-db/neostore.relationshiptypestore.db.names hit=0 miss=0 switches=0 ooe=0
2013-06-13 14:03:48.172+0000 INFO  [org.neo4j]: ../neo4j-normalized-db/neostore.relationshiptypestore.db hit=0 miss=0 switches=0 ooe=0
2013-06-13 14:03:48.173+0000 INFO  [org.neo4j]: ../neo4j-normalized-db/neostore.propertystore.db.strings hit=0 miss=0 switches=0 ooe=0
2013-06-13 14:03:48.174+0000 INFO  [org.neo4j]: ../neo4j-normalized-db/neostore.propertystore.db.index.keys hit=0 miss=0 switches=0 ooe=0
2013-06-13 14:03:48.175+0000 INFO  [org.neo4j]: ../neo4j-normalized-db/neostore.propertystore.db.index hit=0 miss=0 switches=0 ooe=0
2013-06-13 14:03:48.176+0000 INFO  [org.neo4j]: ../neo4j-normalized-db/neostore.propertystore.db.arrays hit=0 miss=0 switches=0 ooe=0
2013-06-13 14:03:48.177+0000 INFO  [org.neo4j]: ../neo4j-normalized-db/neostore.propertystore.db hit=0 miss=0 switches=0 ooe=0
2013-06-13 14:03:48.178+0000 INFO  [org.neo4j]: ../neo4j-normalized-db/neostore.relationshipstore.db hit=0 miss=0 switches=0 ooe=0
2013-06-13 14:03:48.179+0000 INFO  [org.neo4j]: ../neo4j-normalized-db/neostore.nodestore.db hit=0 miss=0 switches=0 ooe=0
2013-06-13 14:03:48.180+0000 INFO  [org.neo4j]: ../neo4j-normalized-db/neostore hit=0 miss=8 switches=0 ooe=0
2013-06-13 14:03:48.185+0000 INFO  [org.neo4j]: [../neo4j-normalized-db/neostore.relationshiptypestore.db.names] brickCount=0 brickSize=0b mappedMem=0b (storeSize=38b)
2013-06-13 14:03:48.186+0000 INFO  [org.neo4j]: [../neo4j-normalized-db/neostore.relationshiptypestore.db] brickCount=0 brickSize=0b mappedMem=0b (storeSize=0b)
2013-06-13 14:03:48.187+0000 INFO  [org.neo4j]: [../neo4j-normalized-db/neostore.propertystore.db.strings] brickCount=0 brickSize=747520b mappedMem=747634688b (storeSize=128b)
2013-06-13 14:03:48.188+0000 INFO  [org.neo4j]: [../neo4j-normalized-db/neostore.propertystore.db.index.keys] brickCount=0 brickSize=0b mappedMem=0b (storeSize=38b)
2013-06-13 14:03:48.188+0000 INFO  [org.neo4j]: [../neo4j-normalized-db/neostore.propertystore.db.index] brickCount=0 brickSize=0b mappedMem=0b (storeSize=0b)
2013-06-13 14:03:48.189+0000 INFO  [org.neo4j]: [../neo4j-normalized-db/neostore.propertystore.db.arrays] brickCount=0 brickSize=848256b mappedMem=848297984b (storeSize=128b)
2013-06-13 14:03:48.190+0000 INFO  [org.neo4j]: [../neo4j-normalized-db/neostore.propertystore.db] brickCount=0 brickSize=8797534b mappedMem=879755264b (storeSize=0b)
2013-06-13 14:03:48.190+0000 INFO  [org.neo4j]: [../neo4j-normalized-db/neostore.relationshipstore.db] brickCount=0 brickSize=10779351b mappedMem=1077936128b (storeSize=0b)
2013-06-13 14:03:48.190+0000 INFO  [org.neo4j]: [../neo4j-normalized-db/neostore.nodestore.db] brickCount=0 brickSize=244314b mappedMem=244318208b (storeSize=9b)
2013-06-13 14:03:48.191+0000 INFO  [org.neo4j]: [../neo4j-normalized-db/neostore] brickCount=0 brickSize=0b mappedMem=0b (storeSize=54b)
2013-06-13 14:03:48.212+0000 INFO  [org.neo4j]: Opened logical log [../neo4j-normalized-db/nioneo_logical.log.1] version=0, lastTxId=1 (clean)
2013-06-13 14:03:48.216+0000 INFO  [org.neo4j]: TM new log: tm_tx_log.1
2013-06-13 14:03:48.249+0000 INFO  [org.neo4j]: Opened logical log [../neo4j-normalized-db/index/lucene.log.1] version=0, lastTxId=1 (clean)
2013-06-13 14:03:48.253+0000 INFO  [org.neo4j]: --- STARTED diagnostics for KernelDiagnostics:Versions START ---
2013-06-13 14:03:48.254+0000 INFO  [org.neo4j]: Graph Database: org.neo4j.kernel.EmbeddedGraphDatabase StoreId[time:1371132227999, id:6132446309693980632, store version: 13561656364791302]
2013-06-13 14:03:48.254+0000 INFO  [org.neo4j]: Kernel version: Neo4j - Graph Database Kernel 1.9
2013-06-13 14:03:48.254+0000 INFO  [org.neo4j]: Neo4j component versions:
2013-06-13 14:03:48.255+0000 INFO  [org.neo4j]:   Neo4j - Graph Database Kernel 1.9
2013-06-13 14:03:48.255+0000 INFO  [org.neo4j]: --- STARTED diagnostics for KernelDiagnostics:Versions END ---
2013-06-13 14:03:48.258+0000 INFO  [org.neo4j]: --- STARTED diagnostics for NEO_STORE_VERSIONS START ---
2013-06-13 14:03:48.259+0000 INFO  [org.neo4j]: Store versions:
    Store versions:
      NeoStore v0.A.0
      NodeStore v0.A.0
      RelationshipStore v0.A.0
      RelationshipTypeStore v0.A.0
      PropertyStore v0.A.0
      PropertyIndexStore v0.A.0
      StringPropertyStore v0.A.0
      ArrayPropertyStore v0.A.0
2013-06-13 14:03:48.259+0000 INFO  [org.neo4j]: --- STARTED diagnostics for NEO_STORE_VERSIONS END ---
2013-06-13 14:03:48.259+0000 INFO  [org.neo4j]: --- STARTED diagnostics for NEO_STORE_ID_USAGE START ---
2013-06-13 14:03:48.259+0000 INFO  [org.neo4j]: Id usage:
    Id usage:
      NodeStore: used=1 high=0
      RelationshipStore: used=0 high=-1
      RelationshipTypeStore: used=0 high=-1
      PropertyStore: used=0 high=-1
      PropertyIndexStore: used=0 high=-1
      StringPropertyStore: used=1 high=0
      ArrayPropertyStore: used=1 high=0
2013-06-13 14:03:48.260+0000 INFO  [org.neo4j]: --- STARTED diagnostics for NEO_STORE_ID_USAGE END ---
2013-06-13 14:03:48.260+0000 INFO  [org.neo4j]: --- STARTED diagnostics for PERSISTENCE_WINDOW_POOL_STATS START ---
2013-06-13 14:03:48.260+0000 INFO  [org.neo4j]: --- STARTED diagnostics for PERSISTENCE_WINDOW_POOL_STATS END ---
2013-06-13 14:03:48.261+0000 INFO  [org.neo4j]: --- STARTED diagnostics for KernelDiagnostics:StoreFiles START ---
2013-06-13 14:03:48.261+0000 INFO  [org.neo4j]: Disk space on partition (Total / Free / Free %): 120473067520 / 25923571712 / 21
Storage files: (filename : modification date - size)
      active_tx_log: 2013-06-13T16:03:48+0200 - 11.00 B
      index:
        lucene-store.db: 2013-06-13T16:03:48+0200 - 40.00 B
        lucene.log.1: 2013-06-13T16:03:48+0200 - 16.00 B
        lucene.log.active: 2013-06-13T16:03:48+0200 - 4.00 B
      - Total: 2013-06-13T16:03:48+0200 - 60.00 B
      lock: 2013-06-13T16:03:48+0200 - 0.00 B
      messages.log: 2013-06-13T16:03:48+0200 - 15.87 kB
      neostore: 2013-06-13T16:03:48+0200 - 54.00 B
      neostore.id: 2013-06-13T16:03:48+0200 - 9.00 B
      neostore.nodestore.db: 2013-06-13T16:03:48+0200 - 9.00 B
      neostore.nodestore.db.id: 2013-06-13T16:03:48+0200 - 9.00 B
      neostore.propertystore.db: 2013-06-13T16:03:48+0200 - 0.00 B
      neostore.propertystore.db.arrays: 2013-06-13T16:03:48+0200 - 128.00 B
      neostore.propertystore.db.arrays.id: 2013-06-13T16:03:48+0200 - 9.00 B
      neostore.propertystore.db.id: 2013-06-13T16:03:48+0200 - 9.00 B
      neostore.propertystore.db.index: 2013-06-13T16:03:48+0200 - 0.00 B
      neostore.propertystore.db.index.id: 2013-06-13T16:03:48+0200 - 9.00 B
      neostore.propertystore.db.index.keys: 2013-06-13T16:03:48+0200 - 38.00 B
      neostore.propertystore.db.index.keys.id: 2013-06-13T16:03:48+0200 - 9.00 B
      neostore.propertystore.db.strings: 2013-06-13T16:03:48+0200 - 128.00 B
      neostore.propertystore.db.strings.id: 2013-06-13T16:03:48+0200 - 9.00 B
      neostore.relationshipstore.db: 2013-06-13T16:03:48+0200 - 0.00 B
      neostore.relationshipstore.db.id: 2013-06-13T16:03:48+0200 - 9.00 B
      neostore.relationshiptypestore.db: 2013-06-13T16:03:48+0200 - 0.00 B
      neostore.relationshiptypestore.db.id: 2013-06-13T16:03:48+0200 - 9.00 B
      neostore.relationshiptypestore.db.names: 2013-06-13T16:03:48+0200 - 38.00 B
      neostore.relationshiptypestore.db.names.id: 2013-06-13T16:03:48+0200 - 9.00 B
      nioneo_logical.log.1: 2013-06-13T16:03:48+0200 - 16.00 B
      nioneo_logical.log.active: 2013-06-13T16:03:48+0200 - 4.00 B
      store_lock: 2013-06-13T16:03:47+0200 - 0.00 B
      tm_tx_log.1: 2013-06-13T16:03:48+0200 - 0.00 B
2013-06-13 14:03:48.272+0000 INFO  [org.neo4j]: --- STARTED diagnostics for KernelDiagnostics:StoreFiles END ---
2013-06-13 14:03:48.276+0000 INFO  [org.neo4j]: Started - database is now available
2013-06-13 14:03:48.276+0000 INFO  [org.neo4j]: GC Monitor started. 
2013-06-13 14:03:48.352+0000 INFO  [org.neo4j]: Stopping - database is now unavailable
2013-06-13 14:03:48.353+0000 INFO  [org.neo4j]: GC Monitor stopped. 
2013-06-13 14:03:48.356+0000 INFO  [org.neo4j]: Closed log ../neo4j-normalized-db/index/lucene.log
2013-06-13 14:03:48.357+0000 INFO  [org.neo4j]: TM shutting down
2013-06-13 14:03:48.359+0000 INFO  [org.neo4j]: Closed log ../neo4j-normalized-db/nioneo_logical.log
2013-06-13 14:03:48.359+0000 INFO  [org.neo4j]: ../neo4j-normalized-db/neostore.relationshiptypestore.db.names hit=0 miss=1 switches=0 ooe=0
2013-06-13 14:03:48.360+0000 INFO  [org.neo4j]: ../neo4j-normalized-db/neostore.relationshiptypestore.db hit=0 miss=1 switches=0 ooe=0
2013-06-13 14:03:48.361+0000 INFO  [org.neo4j]: ../neo4j-normalized-db/neostore.propertystore.db.strings hit=10 miss=0 switches=0 ooe=0
2013-06-13 14:03:48.361+0000 INFO  [org.neo4j]: ../neo4j-normalized-db/neostore.propertystore.db.index.keys hit=0 miss=7 switches=0 ooe=0
2013-06-13 14:03:48.362+0000 INFO  [org.neo4j]: ../neo4j-normalized-db/neostore.propertystore.db.index hit=0 miss=7 switches=0 ooe=0
2013-06-13 14:03:48.362+0000 INFO  [org.neo4j]: ../neo4j-normalized-db/neostore.propertystore.db.arrays hit=0 miss=0 switches=0 ooe=0
2013-06-13 14:03:48.363+0000 INFO  [org.neo4j]: ../neo4j-normalized-db/neostore.propertystore.db hit=39 miss=0 switches=0 ooe=0
2013-06-13 14:03:48.364+0000 INFO  [org.neo4j]: ../neo4j-normalized-db/neostore.relationshipstore.db hit=5 miss=0 switches=0 ooe=0
2013-06-13 14:03:48.365+0000 INFO  [org.neo4j]: ../neo4j-normalized-db/neostore.nodestore.db hit=10 miss=0 switches=0 ooe=0
2013-06-13 14:03:48.366+0000 INFO  [org.neo4j]: ../neo4j-normalized-db/neostore hit=0 miss=18 switches=0 ooe=0
2013-06-13 14:03:48.367+0000 INFO  [org.neo4j]: NeoStore closed
2013-06-13 14:03:48.367+0000 INFO  [org.neo4j]: --- STOPPING diagnostics START ---
2013-06-13 14:03:48.367+0000 INFO  [org.neo4j]: --- STOPPING diagnostics END ---
